0 verbose cli C:\Program Files\nodejs\node.exe C:\Program Files\nodejs\node_modules\npm\bin\npm-cli.js
1 info using npm@11.6.2
2 info using node@v24.11.1
3 silly config load:file:C:\Program Files\nodejs\node_modules\npm\npmrc
4 silly config load:file:C:\Users\jakub\OneDrive\Dokumenty\Playground\.npmrc
5 silly config load:file:C:\Users\jakub\.npmrc
6 silly config load:file:C:\Users\jakub\AppData\Roaming\npm\etc\npmrc
7 verbose title npm install
8 verbose argv "install" "--cache" ".npm-cache"
9 verbose logfile logs-max:10 dir:C:\Users\jakub\OneDrive\Dokumenty\Playground\.npm-cache\_logs\2026-03-15T15_35_11_514Z-
10 verbose logfile C:\Users\jakub\OneDrive\Dokumenty\Playground\.npm-cache\_logs\2026-03-15T15_35_11_514Z-debug-0.log
11 silly logfile done cleaning log files
12 silly packumentCache heap:4496293888 maxSize:1124073472 maxEntrySize:562036736
13 verbose shrinkwrap failed to load node_modules/.package-lock.json out of date, updated: node_modules
14 silly idealTree buildDeps
15 silly reify moves {}
16 silly audit bulk request {
16 silly audit   '@9darters/api': [ '0.1.0' ],
16 silly audit   '@9darters/web': [ '0.1.0' ],
16 silly audit   '@apideck/better-ajv-errors': [ '0.3.6' ],
16 silly audit   '@babel/code-frame': [ '7.29.0' ],
16 silly audit   'js-tokens': [ '4.0.0', '9.0.1' ],
16 silly audit   '@babel/compat-data': [ '7.29.0' ],
16 silly audit   '@babel/core': [ '7.29.0' ],
16 silly audit   semver: [ '6.3.1', '7.7.4' ],
16 silly audit   '@babel/generator': [ '7.29.1' ],
16 silly audit   '@babel/helper-annotate-as-pure': [ '7.27.3' ],
16 silly audit   '@babel/helper-compilation-targets': [ '7.28.6' ],
16 silly audit   '@babel/helper-create-class-features-plugin': [ '7.28.6' ],
16 silly audit   '@babel/helper-create-regexp-features-plugin': [ '7.28.5' ],
16 silly audit   '@babel/helper-define-polyfill-provider': [ '0.6.7' ],
16 silly audit   '@babel/helper-globals': [ '7.28.0' ],
16 silly audit   '@babel/helper-member-expression-to-functions': [ '7.28.5' ],
16 silly audit   '@babel/helper-module-imports': [ '7.28.6' ],
16 silly audit   '@babel/helper-module-transforms': [ '7.28.6' ],
16 silly audit   '@babel/helper-optimise-call-expression': [ '7.27.1' ],
16 silly audit   '@babel/helper-plugin-utils': [ '7.28.6' ],
16 silly audit   '@babel/helper-remap-async-to-generator': [ '7.27.1' ],
16 silly audit   '@babel/helper-replace-supers': [ '7.28.6' ],
16 silly audit   '@babel/helper-skip-transparent-expression-wrappers': [ '7.27.1' ],
16 silly audit   '@babel/helper-string-parser': [ '7.27.1' ],
16 silly audit   '@babel/helper-validator-identifier': [ '7.28.5' ],
16 silly audit   '@babel/helper-validator-option': [ '7.27.1' ],
16 silly audit   '@babel/helper-wrap-function': [ '7.28.6' ],
16 silly audit   '@babel/helpers': [ '7.28.6' ],
16 silly audit   '@babel/parser': [ '7.29.0' ],
16 silly audit   '@babel/plugin-bugfix-firefox-class-in-computed-class-key': [ '7.28.5' ],
16 silly audit   '@babel/plugin-bugfix-safari-class-field-initializer-scope': [ '7.27.1' ],
16 silly audit   '@babel/plugin-bugfix-safari-id-destructuring-collision-in-function-expression': [ '7.27.1' ],
16 silly audit   '@babel/plugin-bugfix-v8-spread-parameters-in-optional-chaining': [ '7.27.1' ],
16 silly audit   '@babel/plugin-bugfix-v8-static-class-fields-redefine-readonly': [ '7.28.6' ],
16 silly audit   '@babel/plugin-proposal-private-property-in-object': [ '7.21.0-placeholder-for-preset-env.2' ],
16 silly audit   '@babel/plugin-syntax-import-assertions': [ '7.28.6' ],
16 silly audit   '@babel/plugin-syntax-import-attributes': [ '7.28.6' ],
16 silly audit   '@babel/plugin-syntax-unicode-sets-regex': [ '7.18.6' ],
16 silly audit   '@babel/plugin-transform-arrow-functions': [ '7.27.1' ],
16 silly audit   '@babel/plugin-transform-async-generator-functions': [ '7.29.0' ],
16 silly audit   '@babel/plugin-transform-async-to-generator': [ '7.28.6' ],
16 silly audit   '@babel/plugin-transform-block-scoped-functions': [ '7.27.1' ],
16 silly audit   '@babel/plugin-transform-block-scoping': [ '7.28.6' ],
16 silly audit   '@babel/plugin-transform-class-properties': [ '7.28.6' ],
16 silly audit   '@babel/plugin-transform-class-static-block': [ '7.28.6' ],
16 silly audit   '@babel/plugin-transform-classes': [ '7.28.6' ],
16 silly audit   '@babel/plugin-transform-computed-properties': [ '7.28.6' ],
16 silly audit   '@babel/plugin-transform-destructuring': [ '7.28.5' ],
16 silly audit   '@babel/plugin-transform-dotall-regex': [ '7.28.6' ],
16 silly audit   '@babel/plugin-transform-duplicate-keys': [ '7.27.1' ],
16 silly audit   '@babel/plugin-transform-duplicate-named-capturing-groups-regex': [ '7.29.0' ],
16 silly audit   '@babel/plugin-transform-dynamic-import': [ '7.27.1' ],
16 silly audit   '@babel/plugin-transform-explicit-resource-management': [ '7.28.6' ],
16 silly audit   '@babel/plugin-transform-exponentiation-operator': [ '7.28.6' ],
16 silly audit   '@babel/plugin-transform-export-namespace-from': [ '7.27.1' ],
16 silly audit   '@babel/plugin-transform-for-of': [ '7.27.1' ],
16 silly audit   '@babel/plugin-transform-function-name': [ '7.27.1' ],
16 silly audit   '@babel/plugin-transform-json-strings': [ '7.28.6' ],
16 silly audit   '@babel/plugin-transform-literals': [ '7.27.1' ],
16 silly audit   '@babel/plugin-transform-logical-assignment-operators': [ '7.28.6' ],
16 silly audit   '@babel/plugin-transform-member-expression-literals': [ '7.27.1' ],
16 silly audit   '@babel/plugin-transform-modules-amd': [ '7.27.1' ],
16 silly audit   '@babel/plugin-transform-modules-commonjs': [ '7.28.6' ],
16 silly audit   '@babel/plugin-transform-modules-systemjs': [ '7.29.0' ],
16 silly audit   '@babel/plugin-transform-modules-umd': [ '7.27.1' ],
16 silly audit   '@babel/plugin-transform-named-capturing-groups-regex': [ '7.29.0' ],
16 silly audit   '@babel/plugin-transform-new-target': [ '7.27.1' ],
16 silly audit   '@babel/plugin-transform-nullish-coalescing-operator': [ '7.28.6' ],
16 silly audit   '@babel/plugin-transform-numeric-separator': [ '7.28.6' ],
16 silly audit   '@babel/plugin-transform-object-rest-spread': [ '7.28.6' ],
16 silly audit   '@babel/plugin-transform-object-super': [ '7.27.1' ],
16 silly audit   '@babel/plugin-transform-optional-catch-binding': [ '7.28.6' ],
16 silly audit   '@babel/plugin-transform-optional-chaining': [ '7.28.6' ],
16 silly audit   '@babel/plugin-transform-parameters': [ '7.27.7' ],
16 silly audit   '@babel/plugin-transform-private-methods': [ '7.28.6' ],
16 silly audit   '@babel/plugin-transform-private-property-in-object': [ '7.28.6' ],
16 silly audit   '@babel/plugin-transform-property-literals': [ '7.27.1' ],
16 silly audit   '@babel/plugin-transform-regenerator': [ '7.29.0' ],
16 silly audit   '@babel/plugin-transform-regexp-modifiers': [ '7.28.6' ],
16 silly audit   '@babel/plugin-transform-reserved-words': [ '7.27.1' ],
16 silly audit   '@babel/plugin-transform-shorthand-properties': [ '7.27.1' ],
16 silly audit   '@babel/plugin-transform-spread': [ '7.28.6' ],
16 silly audit   '@babel/plugin-transform-sticky-regex': [ '7.27.1' ],
16 silly audit   '@babel/plugin-transform-template-literals': [ '7.27.1' ],
16 silly audit   '@babel/plugin-transform-typeof-symbol': [ '7.27.1' ],
16 silly audit   '@babel/plugin-transform-unicode-escapes': [ '7.27.1' ],
16 silly audit   '@babel/plugin-transform-unicode-property-regex': [ '7.28.6' ],
16 silly audit   '@babel/plugin-transform-unicode-regex': [ '7.27.1' ],
16 silly audit   '@babel/plugin-transform-unicode-sets-regex': [ '7.28.6' ],
16 silly audit   '@babel/preset-env': [ '7.29.0' ],
16 silly audit   '@babel/preset-modules': [ '0.1.6-no-external-plugins' ],
16 silly audit   '@babel/runtime': [ '7.28.6' ],
16 silly audit   '@babel/template': [ '7.28.6' ],
16 silly audit   '@babel/traverse': [ '7.29.0' ],
16 silly audit   '@babel/types': [ '7.29.0' ],
16 silly audit   '@drizzle-team/brocli': [ '0.10.2' ],
16 silly audit   '@emnapi/core': [ '1.9.0' ],
16 silly audit   '@emnapi/runtime': [ '1.9.0' ],
16 silly audit   '@emnapi/wasi-threads': [ '1.2.0' ],
16 silly audit   '@esbuild-kit/core-utils': [ '3.3.2' ],
16 silly audit   '@esbuild/android-arm': [ '0.18.20', '0.25.12', '0.27.4' ],
16 silly audit   '@esbuild/android-arm64': [ '0.18.20', '0.25.12', '0.27.4' ],
16 silly audit   '@esbuild/android-x64': [ '0.18.20', '0.25.12', '0.27.4' ],
16 silly audit   '@esbuild/darwin-arm64': [ '0.18.20', '0.25.12', '0.27.4' ],
16 silly audit   '@esbuild/darwin-x64': [ '0.18.20', '0.25.12', '0.27.4' ],
16 silly audit   '@esbuild/freebsd-arm64': [ '0.18.20', '0.25.12', '0.27.4' ],
16 silly audit   '@esbuild/freebsd-x64': [ '0.18.20', '0.25.12', '0.27.4' ],
16 silly audit   '@esbuild/linux-arm': [ '0.18.20', '0.25.12', '0.27.4' ],
16 silly audit   '@esbuild/linux-arm64': [ '0.18.20', '0.25.12', '0.27.4' ],
16 silly audit   '@esbuild/linux-ia32': [ '0.18.20', '0.25.12', '0.27.4' ],
16 silly audit   '@esbuild/linux-loong64': [ '0.18.20', '0.25.12', '0.27.4' ],
16 silly audit   '@esbuild/linux-mips64el': [ '0.18.20', '0.25.12', '0.27.4' ],
16 silly audit   '@esbuild/linux-ppc64': [ '0.18.20', '0.25.12', '0.27.4' ],
16 silly audit   '@esbuild/linux-riscv64': [ '0.18.20', '0.25.12', '0.27.4' ],
16 silly audit   '@esbuild/linux-s390x': [ '0.18.20', '0.25.12', '0.27.4' ],
16 silly audit   '@esbuild/linux-x64': [ '0.18.20', '0.25.12', '0.27.4' ],
16 silly audit   '@esbuild/netbsd-x64': [ '0.18.20', '0.25.12', '0.27.4' ],
16 silly audit   '@esbuild/openbsd-x64': [ '0.18.20', '0.25.12', '0.27.4' ],
16 silly audit   '@esbuild/sunos-x64': [ '0.18.20', '0.25.12', '0.27.4' ],
16 silly audit   '@esbuild/win32-arm64': [ '0.18.20', '0.25.12', '0.27.4' ],
16 silly audit   '@esbuild/win32-ia32': [ '0.18.20', '0.25.12', '0.27.4' ],
16 silly audit   '@esbuild/win32-x64': [ '0.18.20', '0.25.12', '0.27.4' ],
16 silly audit   esbuild: [ '0.18.20', '0.25.12', '0.27.4' ],
16 silly audit   '@esbuild-kit/esm-loader': [ '2.6.5' ],
16 silly audit   '@esbuild/aix-ppc64': [ '0.25.12', '0.27.4' ],
16 silly audit   '@esbuild/netbsd-arm64': [ '0.25.12', '0.27.4' ],
16 silly audit   '@esbuild/openbsd-arm64': [ '0.25.12', '0.27.4' ],
16 silly audit   '@esbuild/openharmony-arm64': [ '0.25.12', '0.27.4' ],
16 silly audit   '@fastify/ajv-compiler': [ '4.0.5' ],
16 silly audit   '@fastify/cookie': [ '11.0.2' ],
16 silly audit   '@fastify/cors': [ '11.2.0' ],
16 silly audit   '@fastify/error': [ '4.2.0' ],
16 silly audit   '@fastify/fast-json-stringify-compiler': [ '5.0.3' ],
16 silly audit   '@fastify/forwarded': [ '3.0.1' ],
16 silly audit   '@fastify/merge-json-schemas': [ '0.2.1' ],
16 silly audit   '@fastify/proxy-addr': [ '5.1.0' ],
16 silly audit   '@isaacs/cliui': [ '9.0.0' ],
16 silly audit   '@jridgewell/gen-mapping': [ '0.3.13' ],
16 silly audit   '@jridgewell/remapping': [ '2.3.5' ],
16 silly audit   '@jridgewell/resolve-uri': [ '3.1.2' ],
16 silly audit   '@jridgewell/source-map': [ '0.3.11' ],
16 silly audit   '@jridgewell/sourcemap-codec': [ '1.5.5' ],
16 silly audit   '@jridgewell/trace-mapping': [ '0.3.31' ],
16 silly audit   '@napi-rs/wasm-runtime': [ '0.2.12' ],
16 silly audit   '@node-rs/argon2': [ '2.0.2' ],
16 silly audit   '@node-rs/argon2-android-arm-eabi': [ '2.0.2' ],
16 silly audit   '@node-rs/argon2-android-arm64': [ '2.0.2' ],
16 silly audit   '@node-rs/argon2-darwin-arm64': [ '2.0.2' ],
16 silly audit   '@node-rs/argon2-darwin-x64': [ '2.0.2' ],
16 silly audit   '@node-rs/argon2-freebsd-x64': [ '2.0.2' ],
16 silly audit   '@node-rs/argon2-linux-arm-gnueabihf': [ '2.0.2' ],
16 silly audit   '@node-rs/argon2-linux-arm64-gnu': [ '2.0.2' ],
16 silly audit   '@node-rs/argon2-linux-arm64-musl': [ '2.0.2' ],
16 silly audit   '@node-rs/argon2-linux-x64-gnu': [ '2.0.2' ],
16 silly audit   '@node-rs/argon2-linux-x64-musl': [ '2.0.2' ],
16 silly audit   '@node-rs/argon2-wasm32-wasi': [ '2.0.2' ],
16 silly audit   '@node-rs/argon2-win32-arm64-msvc': [ '2.0.2' ],
16 silly audit   '@node-rs/argon2-win32-ia32-msvc': [ '2.0.2' ],
16 silly audit   '@node-rs/argon2-win32-x64-msvc': [ '2.0.2' ],
16 silly audit   '@pinojs/redact': [ '0.4.0' ],
16 silly audit   '@rollup/plugin-node-resolve': [ '15.3.1' ],
16 silly audit   '@rollup/plugin-terser': [ '0.4.4' ],
16 silly audit   '@rollup/pluginutils': [ '5.3.0', '3.1.0' ],
16 silly audit   'estree-walker': [ '2.0.2', '3.0.3', '1.0.1' ],
16 silly audit   '@rollup/rollup-android-arm-eabi': [ '4.59.0' ],
16 silly audit   '@rollup/rollup-android-arm64': [ '4.59.0' ],
16 silly audit   '@rollup/rollup-darwin-arm64': [ '4.59.0' ],
16 silly audit   '@rollup/rollup-darwin-x64': [ '4.59.0' ],
16 silly audit   '@rollup/rollup-freebsd-arm64': [ '4.59.0' ],
16 silly audit   '@rollup/rollup-freebsd-x64': [ '4.59.0' ],
16 silly audit   '@rollup/rollup-linux-arm-gnueabihf': [ '4.59.0' ],
16 silly audit   '@rollup/rollup-linux-arm-musleabihf': [ '4.59.0' ],
16 silly audit   '@rollup/rollup-linux-arm64-gnu': [ '4.59.0' ],
16 silly audit   '@rollup/rollup-linux-arm64-musl': [ '4.59.0' ],
16 silly audit   '@rollup/rollup-linux-loong64-gnu': [ '4.59.0' ],
16 silly audit   '@rollup/rollup-linux-loong64-musl': [ '4.59.0' ],
16 silly audit   '@rollup/rollup-linux-ppc64-gnu': [ '4.59.0' ],
16 silly audit   '@rollup/rollup-linux-ppc64-musl': [ '4.59.0' ],
16 silly audit   '@rollup/rollup-linux-riscv64-gnu': [ '4.59.0' ],
16 silly audit   '@rollup/rollup-linux-riscv64-musl': [ '4.59.0' ],
16 silly audit   '@rollup/rollup-linux-s390x-gnu': [ '4.59.0' ],
16 silly audit   '@rollup/rollup-linux-x64-gnu': [ '4.59.0' ],
16 silly audit   '@rollup/rollup-linux-x64-musl': [ '4.59.0' ],
16 silly audit   '@rollup/rollup-openbsd-x64': [ '4.59.0' ],
16 silly audit   '@rollup/rollup-openharmony-arm64': [ '4.59.0' ],
16 silly audit   '@rollup/rollup-win32-arm64-msvc': [ '4.59.0' ],
16 silly audit   '@rollup/rollup-win32-ia32-msvc': [ '4.59.0' ],
16 silly audit   '@rollup/rollup-win32-x64-gnu': [ '4.59.0' ],
16 silly audit   '@rollup/rollup-win32-x64-msvc': [ '4.59.0' ],
16 silly audit   '@socket.io/component-emitter': [ '3.1.2' ],
16 silly audit   '@surma/rollup-plugin-off-main-thread': [ '2.2.3' ],
16 silly audit   'magic-string': [ '0.25.9', '0.30.21' ],
16 silly audit   '@sveltejs/acorn-typescript': [ '1.0.9' ],
16 silly audit   '@sveltejs/vite-plugin-svelte': [ '5.1.1' ],
16 silly audit   '@sveltejs/vite-plugin-svelte-inspector': [ '4.0.1' ],
16 silly audit   '@tsconfig/svelte': [ '5.0.8' ],
16 silly audit   '@tybys/wasm-util': [ '0.10.1' ],
16 silly audit   '@types/chai': [ '5.2.3' ],
16 silly audit   '@types/cors': [ '2.8.19' ],
16 silly audit   '@types/deep-eql': [ '4.0.2' ],
16 silly audit   '@types/estree': [ '1.0.8', '0.0.39' ],
16 silly audit   '@types/node': [ '22.19.15' ],
16 silly audit   '@types/resolve': [ '1.20.2' ],
16 silly audit   '@types/trusted-types': [ '2.0.7' ],
16 silly audit   '@types/ws': [ '8.18.1' ],
16 silly audit   '@typescript-eslint/types': [ '8.57.0' ],
16 silly audit   '@vitest/expect': [ '3.2.4' ],
16 silly audit   '@vitest/mocker': [ '3.2.4' ],
16 silly audit   '@vitest/pretty-format': [ '3.2.4' ],
16 silly audit   '@vitest/runner': [ '3.2.4' ],
16 silly audit   '@vitest/snapshot': [ '3.2.4' ],
16 silly audit   '@vitest/spy': [ '3.2.4' ],
16 silly audit   '@vitest/utils': [ '3.2.4' ],
16 silly audit   'abstract-logging': [ '2.0.1' ],
16 silly audit   accepts: [ '1.3.8' ],
16 silly audit   acorn: [ '8.16.0' ],
16 silly audit   ajv: [ '8.18.0' ],
16 silly audit   'ajv-formats': [ '3.0.1' ],
16 silly audit   'aria-query': [ '5.3.1' ],
16 silly audit   'array-buffer-byte-length': [ '1.0.2' ],
16 silly audit   'arraybuffer.prototype.slice': [ '1.0.4' ],
16 silly audit   'assertion-error': [ '2.0.1' ],
16 silly audit   async: [ '3.2.6' ],
16 silly audit   'async-function': [ '1.0.0' ],
16 silly audit   'at-least-node': [ '1.0.0' ],
16 silly audit   'atomic-sleep': [ '1.0.0' ],
16 silly audit   'available-typed-arrays': [ '1.0.7' ],
16 silly audit   avvio: [ '9.2.0' ],
16 silly audit   'aws-ssl-profiles': [ '1.1.2' ],
16 silly audit   'axobject-query': [ '4.1.0' ],
16 silly audit   'babel-plugin-polyfill-corejs2': [ '0.4.16' ],
16 silly audit   'babel-plugin-polyfill-corejs3': [ '0.14.1' ],
16 silly audit   'babel-plugin-polyfill-regenerator': [ '0.6.7' ],
16 silly audit   'balanced-match': [ '4.0.4', '1.0.2' ],
16 silly audit   base64id: [ '2.0.0' ],
16 silly audit   'baseline-browser-mapping': [ '2.10.8' ],
16 silly audit   'brace-expansion': [ '5.0.4', '2.0.2' ],
16 silly audit   browserslist: [ '4.28.1' ],
16 silly audit   'buffer-from': [ '1.1.2' ],
16 silly audit   cac: [ '6.7.14' ],
16 silly audit   'call-bind': [ '1.0.8' ],
16 silly audit   'call-bind-apply-helpers': [ '1.0.2' ],
16 silly audit   'call-bound': [ '1.0.4' ],
16 silly audit   'caniuse-lite': [ '1.0.30001779' ],
16 silly audit   chai: [ '5.3.3' ],
16 silly audit   'check-error': [ '2.1.3' ],
16 silly audit   chokidar: [ '4.0.3' ],
16 silly audit   clsx: [ '2.1.1' ],
16 silly audit   commander: [ '2.20.3' ],
16 silly audit   'common-tags': [ '1.8.2' ],
16 silly audit   'convert-source-map': [ '2.0.0' ],
16 silly audit   cookie: [ '1.1.1', '0.7.2' ],
16 silly audit   'core-js-compat': [ '3.48.0' ],
16 silly audit   cors: [ '2.8.6' ],
16 silly audit   'cross-spawn': [ '7.0.6' ],
16 silly audit   'crypto-random-string': [ '2.0.0' ],
16 silly audit   'data-view-buffer': [ '1.0.2' ],
16 silly audit   'data-view-byte-length': [ '1.0.2' ],
16 silly audit   'data-view-byte-offset': [ '1.0.1' ],
16 silly audit   debug: [ '4.4.3' ],
16 silly audit   'deep-eql': [ '5.0.2' ],
16 silly audit   deepmerge: [ '4.3.1' ],
16 silly audit   'define-data-property': [ '1.1.4' ],
16 silly audit   'define-properties': [ '1.2.1' ],
16 silly audit   denque: [ '2.1.0' ],
16 silly audit   dequal: [ '2.0.3' ],
16 silly audit   devalue: [ '5.6.4' ],
16 silly audit   dotenv: [ '16.6.1' ],
16 silly audit   'drizzle-kit': [ '0.31.9' ],
16 silly audit   'drizzle-orm': [ '0.43.1' ],
16 silly audit   'dunder-proto': [ '1.0.1' ],
16 silly audit   ejs: [ '3.1.10' ],
16 silly audit   'electron-to-chromium': [ '1.5.313' ],
16 silly audit   'engine.io': [ '6.6.6' ],
16 silly audit   'engine.io-client': [ '6.6.4' ],
16 silly audit   'engine.io-parser': [ '5.2.3' ],
16 silly audit   'es-abstract': [ '1.24.1' ],
16 silly audit   'es-define-property': [ '1.0.1' ],
16 silly audit   'es-errors': [ '1.3.0' ],
16 silly audit   'es-module-lexer': [ '1.7.0' ],
16 silly audit   'es-object-atoms': [ '1.1.1' ],
16 silly audit   'es-set-tostringtag': [ '2.1.0' ],
16 silly audit   'es-to-primitive': [ '1.3.0' ],
16 silly audit   'esbuild-register': [ '3.6.0' ],
16 silly audit   escalade: [ '3.2.0' ],
16 silly audit   'esm-env': [ '1.2.2' ],
16 silly audit   esrap: [ '2.2.4' ],
16 silly audit   esutils: [ '2.0.3' ],
16 silly audit   'expect-type': [ '1.3.0' ],
16 silly audit   'fast-decode-uri-component': [ '1.0.1' ],
16 silly audit   'fast-deep-equal': [ '3.1.3' ],
16 silly audit   'fast-json-stable-stringify': [ '2.1.0' ],
16 silly audit   'fast-json-stringify': [ '6.3.0' ],
16 silly audit   'fast-querystring': [ '1.1.2' ],
16 silly audit   'fast-uri': [ '3.1.0' ],
16 silly audit   fastify: [ '5.8.2' ],
16 silly audit   'fastify-plugin': [ '5.1.0' ],
16 silly audit   fastq: [ '1.20.1' ],
16 silly audit   fdir: [ '6.5.0' ],
16 silly audit   filelist: [ '1.0.6' ],
16 silly audit   minimatch: [ '5.1.9', '10.2.4' ],
16 silly audit   'find-my-way': [ '9.5.0' ],
16 silly audit   'for-each': [ '0.3.5' ],
16 silly audit   'foreground-child': [ '3.3.1' ],
16 silly audit   'fs-extra': [ '9.1.0' ],
16 silly audit   fsevents: [ '2.3.3' ],
16 silly audit   'function-bind': [ '1.1.2' ],
16 silly audit   'function.prototype.name': [ '1.1.8' ],
16 silly audit   'functions-have-names': [ '1.2.3' ],
16 silly audit   'generate-function': [ '2.3.1' ],
16 silly audit   'generator-function': [ '2.0.1' ],
16 silly audit   gensync: [ '1.0.0-beta.2' ],
16 silly audit   'get-intrinsic': [ '1.3.0' ],
16 silly audit   'get-own-enumerable-property-symbols': [ '3.0.2' ],
16 silly audit   'get-proto': [ '1.0.1' ],
16 silly audit   'get-symbol-description': [ '1.1.0' ],
16 silly audit   'get-tsconfig': [ '4.13.6' ],
16 silly audit   glob: [ '11.1.0' ],
16 silly audit   globalthis: [ '1.0.4' ],
16 silly audit   gopd: [ '1.2.0' ],
16 silly audit   'graceful-fs': [ '4.2.11' ],
16 silly audit   'has-bigints': [ '1.1.0' ],
16 silly audit   'has-property-descriptors': [ '1.0.2' ],
16 silly audit   'has-proto': [ '1.2.0' ],
16 silly audit   'has-symbols': [ '1.1.0' ],
16 silly audit   'has-tostringtag': [ '1.0.2' ],
16 silly audit   hasown: [ '2.0.2' ],
16 silly audit   'iconv-lite': [ '0.7.2' ],
16 silly audit   idb: [ '7.1.1' ],
16 silly audit   'internal-slot': [ '1.1.0' ],
16 silly audit   'ipaddr.js': [ '2.3.0' ],
16 silly audit   'is-array-buffer': [ '3.0.5' ],
16 silly audit   'is-async-function': [ '2.1.1' ],
16 silly audit   'is-bigint': [ '1.1.0' ],
16 silly audit   'is-boolean-object': [ '1.2.2' ],
16 silly audit   'is-callable': [ '1.2.7' ],
16 silly audit   'is-core-module': [ '2.16.1' ],
16 silly audit   'is-data-view': [ '1.0.2' ],
16 silly audit   'is-date-object': [ '1.1.0' ],
16 silly audit   'is-finalizationregistry': [ '1.1.1' ],
16 silly audit   'is-generator-function': [ '1.1.2' ],
16 silly audit   'is-map': [ '2.0.3' ],
16 silly audit   'is-module': [ '1.0.0' ],
16 silly audit   'is-negative-zero': [ '2.0.3' ],
16 silly audit   'is-number-object': [ '1.1.1' ],
16 silly audit   'is-obj': [ '1.0.1' ],
16 silly audit   'is-property': [ '1.0.2' ],
16 silly audit   'is-reference': [ '3.0.3' ],
16 silly audit   'is-regex': [ '1.2.1' ],
16 silly audit   'is-regexp': [ '1.0.0' ],
16 silly audit   'is-set': [ '2.0.3' ],
16 silly audit   'is-shared-array-buffer': [ '1.0.4' ],
16 silly audit   'is-stream': [ '2.0.1' ],
16 silly audit   'is-string': [ '1.1.1' ],
16 silly audit   'is-symbol': [ '1.1.1' ],
16 silly audit   'is-typed-array': [ '1.1.15' ],
16 silly audit   'is-weakmap': [ '2.0.2' ],
16 silly audit   'is-weakref': [ '1.1.1' ],
16 silly audit   'is-weakset': [ '2.0.4' ],
16 silly audit   isarray: [ '2.0.5' ],
16 silly audit   isexe: [ '2.0.0' ],
16 silly audit   jackspeak: [ '4.2.3' ],
16 silly audit   jake: [ '10.9.4' ],
16 silly audit   jsesc: [ '3.1.0' ],
16 silly audit   'json-schema': [ '0.4.0' ],
16 silly audit   'json-schema-ref-resolver': [ '3.0.0' ],
16 silly audit   'json-schema-traverse': [ '1.0.0' ],
16 silly audit   json5: [ '2.2.3' ],
16 silly audit   jsonfile: [ '6.2.0' ],
16 silly audit   jsonpointer: [ '5.0.1' ],
16 silly audit   kleur: [ '4.1.5' ],
16 silly audit   leven: [ '3.1.0' ],
16 silly audit   'light-my-request': [ '6.6.0' ],
16 silly audit   'process-warning': [ '4.0.1', '5.0.0' ],
16 silly audit   'locate-character': [ '3.0.0' ],
16 silly audit   lodash: [ '4.17.23' ],
16 silly audit   'lodash.debounce': [ '4.0.8' ],
16 silly audit   'lodash.sortby': [ '4.7.0' ],
16 silly audit   long: [ '5.3.2' ],
16 silly audit   loupe: [ '3.2.1' ],
16 silly audit   'lru-cache': [ '5.1.1', '11.2.7' ],
16 silly audit   'lru.min': [ '1.1.4' ],
16 silly audit   'math-intrinsics': [ '1.1.0' ],
16 silly audit   'mime-db': [ '1.52.0' ],
16 silly audit   'mime-types': [ '2.1.35' ],
16 silly audit   minipass: [ '7.1.3' ],
16 silly audit   mri: [ '1.2.0' ],
16 silly audit   ms: [ '2.1.3' ],
16 silly audit   mysql2: [ '3.19.1' ],
16 silly audit   'named-placeholders': [ '1.1.6' ],
16 silly audit   nanoid: [ '3.3.11' ],
16 silly audit   negotiator: [ '0.6.3' ],
16 silly audit   'node-releases': [ '2.0.36' ],
16 silly audit   'object-assign': [ '4.1.1' ],
16 silly audit   'object-inspect': [ '1.13.4' ],
16 silly audit   'object-keys': [ '1.1.1' ],
16 silly audit   'object.assign': [ '4.1.7' ],
16 silly audit   'on-exit-leak-free': [ '2.1.2' ],
16 silly audit   'own-keys': [ '1.0.1' ],
16 silly audit   'package-json-from-dist': [ '1.0.1' ],
16 silly audit   'path-key': [ '3.1.1' ],
16 silly audit   'path-parse': [ '1.0.7' ],
16 silly audit   'path-scurry': [ '2.0.2' ],
16 silly audit   pathe: [ '2.0.3' ],
16 silly audit   pathval: [ '2.0.1' ],
16 silly audit   picocolors: [ '1.1.1' ],
16 silly audit   picomatch: [ '4.0.3', '2.3.1' ],
16 silly audit   pino: [ '10.3.1' ],
16 silly audit   'pino-abstract-transport': [ '3.0.0' ],
16 silly audit   'pino-std-serializers': [ '7.1.0' ],
16 silly audit   'possible-typed-array-names': [ '1.1.0' ],
16 silly audit   postcss: [ '8.5.8' ],
16 silly audit   'pretty-bytes': [ '6.1.1', '5.6.0' ],
16 silly audit   punycode: [ '2.3.1' ],
16 silly audit   'quick-format-unescaped': [ '4.0.4' ],
16 silly audit   randombytes: [ '2.1.0' ],
16 silly audit   readdirp: [ '4.1.2' ],
16 silly audit   'real-require': [ '0.2.0' ],
16 silly audit   'reflect.getprototypeof': [ '1.0.10' ],
16 silly audit   regenerate: [ '1.4.2' ],
16 silly audit   'regenerate-unicode-properties': [ '10.2.2' ],
16 silly audit   'regexp.prototype.flags': [ '1.5.4' ],
16 silly audit   'regexpu-core': [ '6.4.0' ],
16 silly audit   regjsgen: [ '0.8.0' ],
16 silly audit   regjsparser: [ '0.13.0' ],
16 silly audit   'require-from-string': [ '2.0.2' ],
16 silly audit   resolve: [ '1.22.11' ],
16 silly audit   'resolve-pkg-maps': [ '1.0.0' ],
16 silly audit   ret: [ '0.5.0' ],
16 silly audit   reusify: [ '1.1.0' ],
16 silly audit   rfdc: [ '1.4.1' ],
16 silly audit   rollup: [ '4.59.0', '2.80.0' ],
16 silly audit   sade: [ '1.8.1' ],
16 silly audit   'safe-array-concat': [ '1.1.3' ],
16 silly audit   'safe-buffer': [ '5.2.1' ],
16 silly audit   'safe-push-apply': [ '1.0.0' ],
16 silly audit   'safe-regex-test': [ '1.1.0' ],
16 silly audit   'safe-regex2': [ '5.1.0' ],
16 silly audit   'safe-stable-stringify': [ '2.5.0' ],
16 silly audit   'safer-buffer': [ '2.1.2' ],
16 silly audit   'secure-json-parse': [ '4.1.0' ],
16 silly audit   'serialize-javascript': [ '6.0.2' ],
16 silly audit   'set-cookie-parser': [ '2.7.2' ],
16 silly audit   'set-function-length': [ '1.2.2' ],
16 silly audit   'set-function-name': [ '2.0.2' ],
16 silly audit   'set-proto': [ '1.0.0' ],
16 silly audit   'shebang-command': [ '2.0.0' ],
16 silly audit   'shebang-regex': [ '3.0.0' ],
16 silly audit   'side-channel': [ '1.1.0' ],
16 silly audit   'side-channel-list': [ '1.0.0' ],
16 silly audit   'side-channel-map': [ '1.0.1' ],
16 silly audit   'side-channel-weakmap': [ '1.0.2' ],
16 silly audit   siginfo: [ '2.0.0' ],
16 silly audit   'signal-exit': [ '4.1.0' ],
16 silly audit   smob: [ '1.6.1' ],
16 silly audit   'socket.io': [ '4.8.3' ],
16 silly audit   'socket.io-adapter': [ '2.5.6' ],
16 silly audit   'socket.io-client': [ '4.8.3' ],
16 silly audit   'socket.io-parser': [ '4.2.5' ],
16 silly audit   'sonic-boom': [ '4.2.1' ],
16 silly audit   'source-map': [ '0.6.1', '0.8.0-beta.0' ],
16 silly audit   'source-map-js': [ '1.2.1' ],
16 silly audit   'source-map-support': [ '0.5.21' ],
16 silly audit   'sourcemap-codec': [ '1.4.8' ],
16 silly audit   split2: [ '4.2.0' ],
16 silly audit   'sql-escaper': [ '1.3.3' ],
16 silly audit   stackback: [ '0.0.2' ],
16 silly audit   'std-env': [ '3.10.0' ],
16 silly audit   'stop-iteration-iterator': [ '1.1.0' ],
16 silly audit   'string.prototype.matchall': [ '4.0.12' ],
16 silly audit   'string.prototype.trim': [ '1.2.10' ],
16 silly audit   'string.prototype.trimend': [ '1.0.9' ],
16 silly audit   'string.prototype.trimstart': [ '1.0.8' ],
16 silly audit   'stringify-object': [ '3.3.0' ],
16 silly audit   'strip-comments': [ '2.0.1' ],
16 silly audit   'strip-literal': [ '3.1.0' ],
16 silly audit   'supports-preserve-symlinks-flag': [ '1.0.0' ],
16 silly audit   svelte: [ '5.53.12' ],
16 silly audit   'svelte-check': [ '4.4.5' ],
16 silly audit   'temp-dir': [ '2.0.0' ],
16 silly audit   tempy: [ '0.6.0' ],
16 silly audit   terser: [ '5.46.0' ],
16 silly audit   'thread-stream': [ '4.0.0' ],
16 silly audit   tinybench: [ '2.9.0' ],
16 silly audit   tinyexec: [ '0.3.2' ],
16 silly audit   tinyglobby: [ '0.2.15' ],
16 silly audit   tinypool: [ '1.1.1' ],
16 silly audit   tinyrainbow: [ '2.0.0' ],
16 silly audit   tinyspy: [ '4.0.4' ],
16 silly audit   'toad-cache': [ '3.7.0' ],
16 silly audit   tr46: [ '1.0.1' ],
16 silly audit   tslib: [ '2.8.1' ],
16 silly audit   tsx: [ '4.21.0' ],
16 silly audit   'type-fest': [ '0.16.0' ],
16 silly audit   'typed-array-buffer': [ '1.0.3' ],
16 silly audit   'typed-array-byte-length': [ '1.0.3' ],
16 silly audit   'typed-array-byte-offset': [ '1.0.4' ],
16 silly audit   'typed-array-length': [ '1.0.7' ],
16 silly audit   typescript: [ '5.9.3' ],
16 silly audit   'unbox-primitive': [ '1.1.0' ],
16 silly audit   'undici-types': [ '6.21.0' ],
16 silly audit   'unicode-canonical-property-names-ecmascript': [ '2.0.1' ],
16 silly audit   'unicode-match-property-ecmascript': [ '2.0.0' ],
16 silly audit   'unicode-match-property-value-ecmascript': [ '2.2.1' ],
16 silly audit   'unicode-property-aliases-ecmascript': [ '2.2.0' ],
16 silly audit   'unique-string': [ '2.0.0' ],
16 silly audit   universalify: [ '2.0.1' ],
16 silly audit   upath: [ '1.2.0' ],
16 silly audit   'update-browserslist-db': [ '1.2.3' ],
16 silly audit   vary: [ '1.1.2' ],
16 silly audit   vite: [ '6.4.1' ],
16 silly audit   'vite-node': [ '3.2.4' ],
16 silly audit   'vite-plugin-pwa': [ '0.21.2' ],
16 silly audit   vitefu: [ '1.1.2' ],
16 silly audit   vitest: [ '3.2.4' ],
16 silly audit   'webidl-conversions': [ '4.0.2' ],
16 silly audit   'whatwg-url': [ '7.1.0' ],
16 silly audit   which: [ '2.0.2' ],
16 silly audit   'which-boxed-primitive': [ '1.1.1' ],
16 silly audit   'which-builtin-type': [ '1.2.1' ],
16 silly audit   'which-collection': [ '1.0.2' ],
16 silly audit   'which-typed-array': [ '1.1.20' ],
16 silly audit   'why-is-node-running': [ '2.3.0' ],
16 silly audit   'workbox-background-sync': [ '7.4.0' ],
16 silly audit   'workbox-broadcast-update': [ '7.4.0' ],
16 silly audit   'workbox-build': [ '7.4.0' ],
16 silly audit   '@rollup/plugin-babel': [ '5.3.1' ],
16 silly audit   '@rollup/plugin-replace': [ '2.4.2' ],
16 silly audit   'workbox-cacheable-response': [ '7.4.0' ],
16 silly audit   'workbox-core': [ '7.4.0' ],
16 silly audit   'workbox-expiration': [ '7.4.0' ],
16 silly audit   'workbox-google-analytics': [ '7.4.0' ],
16 silly audit   'workbox-navigation-preload': [ '7.4.0' ],
16 silly audit   'workbox-precaching': [ '7.4.0' ],
16 silly audit   'workbox-range-requests': [ '7.4.0' ],
16 silly audit   'workbox-recipes': [ '7.4.0' ],
16 silly audit   'workbox-routing': [ '7.4.0' ],
16 silly audit   'workbox-strategies': [ '7.4.0' ],
16 silly audit   'workbox-streams': [ '7.4.0' ],
16 silly audit   'workbox-sw': [ '7.4.0' ],
16 silly audit   'workbox-window': [ '7.4.0' ],
16 silly audit   ws: [ '8.18.3' ],
16 silly audit   'xmlhttprequest-ssl': [ '2.1.2' ],
16 silly audit   yallist: [ '3.1.1' ],
16 silly audit   zimmerframe: [ '1.1.4' ],
16 silly audit   zod: [ '3.25.76' ],
16 silly audit   '@9darters/shared': [ '0.1.0' ]
16 silly audit }
17 http fetch POST 200 https://registry.npmjs.org/-/npm/v1/security/advisories/bulk 1199ms
18 silly audit report {
18 silly audit report   esbuild: [
18 silly audit report     {
18 silly audit report       id: 1102341,
18 silly audit report       url: 'https://github.com/advisories/GHSA-67mh-4wv8-2f99',
18 silly audit report       title: 'esbuild enables any website to send any requests to the development server and read the response',
18 silly audit report       severity: 'moderate',
18 silly audit report       vulnerable_versions: '<=0.24.2',
18 silly audit report       cwe: [Array],
18 silly audit report       cvss: [Object]
18 silly audit report     }
18 silly audit report   ],
18 silly audit report   'serialize-javascript': [
18 silly audit report     {
18 silly audit report       id: 1113686,
18 silly audit report       url: 'https://github.com/advisories/GHSA-5c6j-r48x-rmvq',
18 silly audit report       title: 'Serialize JavaScript is Vulnerable to RCE via RegExp.flags and Date.prototype.toISOString()',
18 silly audit report       severity: 'high',
18 silly audit report       vulnerable_versions: '<=7.0.2',
18 silly audit report       cwe: [Array],
18 silly audit report       cvss: [Object]
18 silly audit report     }
18 silly audit report   ]
18 silly audit report }
19 silly packumentCache corgi:https://registry.npmjs.org/esbuild cache-miss
20 silly packumentCache corgi:https://registry.npmjs.org/serialize-javascript cache-miss
21 http fetch GET 200 https://registry.npmjs.org/esbuild 71ms (cache revalidated)
22 silly packumentCache corgi:https://registry.npmjs.org/esbuild set size:880945 disposed:false
23 http fetch GET 200 https://registry.npmjs.org/serialize-javascript 89ms (cache revalidated)
24 silly packumentCache corgi:https://registry.npmjs.org/serialize-javascript set size:35366 disposed:false
25 silly packumentCache corgi:https://registry.npmjs.org/@esbuild-kit%2fcore-utils cache-miss
26 http fetch GET 200 https://registry.npmjs.org/@esbuild-kit%2fcore-utils 76ms (cache revalidated)
27 silly packumentCache corgi:https://registry.npmjs.org/@esbuild-kit%2fcore-utils set size:50014 disposed:false
28 silly packumentCache corgi:https://registry.npmjs.org/@rollup%2fplugin-terser cache-miss
29 http fetch GET 200 https://registry.npmjs.org/@rollup%2fplugin-terser 55ms (cache revalidated)
30 silly packumentCache corgi:https://registry.npmjs.org/@rollup%2fplugin-terser set size:14515 disposed:false
31 silly packumentCache corgi:https://registry.npmjs.org/@esbuild-kit%2fesm-loader cache-miss
32 http fetch GET 200 https://registry.npmjs.org/@esbuild-kit%2fesm-loader 222ms (cache revalidated)
33 silly packumentCache corgi:https://registry.npmjs.org/@esbuild-kit%2fesm-loader set size:48202 disposed:false
34 silly packumentCache corgi:https://registry.npmjs.org/workbox-build cache-miss
35 http fetch GET 200 https://registry.npmjs.org/workbox-build 38ms (cache revalidated)
36 silly packumentCache corgi:https://registry.npmjs.org/workbox-build set size:192745 disposed:false
37 silly packumentCache corgi:https://registry.npmjs.org/drizzle-kit cache-miss
38 http fetch GET 200 https://registry.npmjs.org/drizzle-kit 37ms (cache revalidated)
39 silly packumentCache corgi:https://registry.npmjs.org/drizzle-kit set size:2591237 disposed:false
40 silly packumentCache corgi:https://registry.npmjs.org/vite-plugin-pwa cache-miss
41 http fetch GET 200 https://registry.npmjs.org/vite-plugin-pwa 35ms (cache revalidated)
42 silly packumentCache corgi:https://registry.npmjs.org/vite-plugin-pwa set size:241341 disposed:false
43 verbose cwd C:\Users\jakub\OneDrive\Dokumenty\Playground
44 verbose os Windows_NT 10.0.26200
45 verbose node v24.11.1
46 verbose npm  v11.6.2
47 verbose exit 0
48 info ok
